<?xml version="1.0" encoding="UTF-8"?>
<coverage generated="1605266392432" clover="3.2.0">
  <project timestamp="1605266392432" name="All files">
    <metrics statements="26" coveredstatements="19" conditionals="6" coveredconditionals="3" methods="7" coveredmethods="5" elements="39" coveredelements="27" complexity="0" loc="26" ncloc="26" packages="2" files="5" classes="5"/>
    <package name="src">
      <metrics statements="5" coveredstatements="3" conditionals="2" coveredconditionals="1" methods="1" coveredmethods="1"/>
      <file name="App.js" path="/Users/jiyoon-song/visualize-spotify/client/src/App.js">
        <metrics statements="3" coveredstatements="3" conditionals="2" coveredconditionals="1" methods="1" coveredmethods="1"/>
        <line num="8" count="2" type="stmt"/>
        <line num="9" count="2" type="stmt"/>
        <line num="10" count="2" type="stmt"/>
      </file>
      <file name="index.js" path="/Users/jiyoon-song/visualize-spotify/client/src/index.js">
        <metrics statements="2" coveredstatements="0" conditionals="0" coveredconditionals="0" methods="0" coveredmethods="0"/>
        <line num="7" count="0" type="stmt"/>
        <line num="17" count="0" type="stmt"/>
      </file>
    </package>
    <package name="src.components">
      <metrics statements="21" coveredstatements="16" conditionals="4" coveredconditionals="2" methods="6" coveredmethods="4"/>
      <file name="Login.js" path="/Users/jiyoon-song/visualize-spotify/client/src/components/Login.js">
        <metrics statements="16" coveredstatements="13" conditionals="4" coveredconditionals="2" methods="3" coveredmethods="3"/>
        <line num="5" count="2" type="stmt"/>
        <line num="6" count="2" type="stmt"/>
        <line num="7" count="2" type="stmt"/>
        <line num="8" count="2" type="stmt"/>
        <line num="9" count="2" type="stmt"/>
        <line num="10" count="2" type="stmt"/>
        <line num="11" count="2" type="cond" truecount="1" falsecount="1"/>
        <line num="12" count="2" type="stmt"/>
        <line num="14" count="0" type="stmt"/>
        <line num="16" count="2" type="stmt"/>
        <line num="18" count="2" type="stmt"/>
        <line num="19" count="2" type="stmt"/>
        <line num="20" count="2" type="cond" truecount="1" falsecount="1"/>
        <line num="21" count="0" type="stmt"/>
        <line num="22" count="0" type="stmt"/>
        <line num="25" count="2" type="stmt"/>
      </file>
      <file name="Playing.js" path="/Users/jiyoon-song/visualize-spotify/client/src/components/Playing.js">
        <metrics statements="5" coveredstatements="3" conditionals="0" coveredconditionals="0" methods="3" coveredmethods="1"/>
        <line num="5" count="1" type="stmt"/>
        <line num="6" count="1" type="stmt"/>
        <line num="7" count="0" type="stmt"/>
        <line num="9" count="0" type="stmt"/>
        <line num="12" count="1" type="stmt"/>
      </file>
      <file name="index.js" path="/Users/jiyoon-song/visualize-spotify/client/src/components/index.js">
        <metrics statements="0" coveredstatements="0" conditionals="0" coveredconditionals="0" methods="0" coveredmethods="0"/>
      </file>
    </package>
  </project>
</coverage>
