{"/Users/jiyoon-song/visualize-spotify/client/src/App.js": {"path":"/Users/jiyoon-song/visualize-spotify/client/src/App.js","statementMap":{"0":{"start":{"line":8,"column":24},"end":{"line":8,"column":37}},"1":{"start":{"line":9,"column":37},"end":{"line":9,"column":52}},"2":{"start":{"line":10,"column":2},"end":{"line":21,"column":3}}},"fnMap":{"0":{"name":"App","decl":{"start":{"line":7,"column":9},"end":{"line":7,"column":12}},"loc":{"start":{"line":7,"column":16},"end":{"line":22,"column":1}},"line":7}},"branchMap":{"0":{"loc":{"start":{"line":14,"column":11},"end":{"line":14,"column":115}},"type":"cond-expr","locations":[{"start":{"line":14,"column":29},"end":{"line":14,"column":55}},{"start":{"line":14,"column":58},"end":{"line":14,"column":115}}],"line":14}},"s":{"0":2,"1":2,"2":2},"f":{"0":2},"b":{"0":[0,2]},"_coverageSchema":"43e27e138ebf9cfc5966b082cf9a028302ed4184","hash":"4a830f67db4c3a51031b43104b7ac356b382a6ec"}
,"/Users/jiyoon-song/visualize-spotify/client/src/index.js": {"path":"/Users/jiyoon-song/visualize-spotify/client/src/index.js","statementMap":{"0":{"start":{"line":7,"column":0},"end":{"line":12,"column":1}},"1":{"start":{"line":17,"column":0},"end":{"line":17,"column":26}}},"fnMap":{},"branchMap":{},"s":{"0":0,"1":0},"f":{},"b":{},"hash":"31c77ea86dc44766c570d998b40cf416739700b3"}
,"/Users/jiyoon-song/visualize-spotify/client/src/components/Login.js": {"path":"/Users/jiyoon-song/visualize-spotify/client/src/components/Login.js","statementMap":{"0":{"start":{"line":5,"column":24},"end":{"line":17,"column":3}},"1":{"start":{"line":6,"column":21},"end":{"line":6,"column":23}},"2":{"start":{"line":7,"column":12},"end":{"line":7,"column":34}},"3":{"start":{"line":8,"column":10},"end":{"line":8,"column":43}},"4":{"start":{"line":9,"column":4},"end":{"line":15,"column":5}},"5":{"start":{"line":10,"column":16},"end":{"line":10,"column":25}},"6":{"start":{"line":11,"column":6},"end":{"line":13,"column":7}},"7":{"start":{"line":12,"column":8},"end":{"line":12,"column":13}},"8":{"start":{"line":14,"column":6},"end":{"line":14,"column":50}},"9":{"start":{"line":16,"column":4},"end":{"line":16,"column":22}},"10":{"start":{"line":18,"column":17},"end":{"line":18,"column":32}},"11":{"start":{"line":19,"column":2},"end":{"line":24,"column":34}},"12":{"start":{"line":20,"column":4},"end":{"line":23,"column":5}},"13":{"start":{"line":21,"column":6},"end":{"line":21,"column":61}},"14":{"start":{"line":22,"column":6},"end":{"line":22,"column":25}},"15":{"start":{"line":25,"column":2},"end":{"line":37,"column":3}}},"fnMap":{"0":{"name":"Login","decl":{"start":{"line":4,"column":9},"end":{"line":4,"column":14}},"loc":{"start":{"line":4,"column":23},"end":{"line":38,"column":1}},"line":4},"1":{"name":"(anonymous_1)","decl":{"start":{"line":5,"column":24},"end":{"line":5,"column":25}},"loc":{"start":{"line":5,"column":30},"end":{"line":17,"column":3}},"line":5},"2":{"name":"(anonymous_2)","decl":{"start":{"line":19,"column":12},"end":{"line":19,"column":13}},"loc":{"start":{"line":19,"column":18},"end":{"line":24,"column":3}},"line":19}},"branchMap":{"0":{"loc":{"start":{"line":11,"column":6},"end":{"line":13,"column":7}},"type":"if","locations":[{"start":{"line":11,"column":6},"end":{"line":13,"column":7}},{"start":{"line":11,"column":6},"end":{"line":13,"column":7}}],"line":11},"1":{"loc":{"start":{"line":20,"column":4},"end":{"line":23,"column":5}},"type":"if","locations":[{"start":{"line":20,"column":4},"end":{"line":23,"column":5}},{"start":{"line":20,"column":4},"end":{"line":23,"column":5}}],"line":20}},"s":{"0":2,"1":2,"2":2,"3":2,"4":2,"5":2,"6":2,"7":2,"8":0,"9":2,"10":2,"11":2,"12":2,"13":0,"14":0,"15":2},"f":{"0":2,"1":2,"2":2},"b":{"0":[2,0],"1":[0,2]},"_coverageSchema":"43e27e138ebf9cfc5966b082cf9a028302ed4184","hash":"2ba8c22a25a30f0d3d131af22a2369879e0bdfce"}
,"/Users/jiyoon-song/visualize-spotify/client/src/components/Playing.js": {"path":"/Users/jiyoon-song/visualize-spotify/client/src/components/Playing.js","statementMap":{"0":{"start":{"line":5,"column":38},"end":{"line":5,"column":78}},"1":{"start":{"line":6,"column":24},"end":{"line":11,"column":3}},"2":{"start":{"line":7,"column":4},"end":{"line":10,"column":6}},"3":{"start":{"line":9,"column":6},"end":{"line":9,"column":77}},"4":{"start":{"line":12,"column":2},"end":{"line":24,"column":3}}},"fnMap":{"0":{"name":"Playing","decl":{"start":{"line":4,"column":9},"end":{"line":4,"column":16}},"loc":{"start":{"line":4,"column":25},"end":{"line":25,"column":1}},"line":4},"1":{"name":"(anonymous_1)","decl":{"start":{"line":6,"column":24},"end":{"line":6,"column":25}},"loc":{"start":{"line":6,"column":30},"end":{"line":11,"column":3}},"line":6},"2":{"name":"(anonymous_2)","decl":{"start":{"line":8,"column":10},"end":{"line":8,"column":11}},"loc":{"start":{"line":8,"column":19},"end":{"line":10,"column":5}},"line":8}},"branchMap":{},"s":{"0":1,"1":1,"2":0,"3":0,"4":1},"f":{"0":1,"1":0,"2":0},"b":{},"_coverageSchema":"43e27e138ebf9cfc5966b082cf9a028302ed4184","hash":"0ab25ab786e4538d232632f836de351bf82c22b0"}
,"/Users/jiyoon-song/visualize-spotify/client/src/components/index.js": {"path":"/Users/jiyoon-song/visualize-spotify/client/src/components/index.js","statementMap":{},"fnMap":{},"branchMap":{},"s":{},"f":{},"b":{},"_coverageSchema":"43e27e138ebf9cfc5966b082cf9a028302ed4184","hash":"02a2c24fd9ce82b49b83852110980c2d832827dc"}
}
