{"/Users/jiyoon-song/visualize-spotify/client/src/App.js": {"path":"/Users/jiyoon-song/visualize-spotify/client/src/App.js","statementMap":{"0":{"start":{"line":11,"column":24},"end":{"line":11,"column":37}},"1":{"start":{"line":12,"column":37},"end":{"line":12,"column":52}},"2":{"start":{"line":13,"column":2},"end":{"line":24,"column":3}}},"fnMap":{"0":{"name":"App","decl":{"start":{"line":10,"column":9},"end":{"line":10,"column":12}},"loc":{"start":{"line":10,"column":16},"end":{"line":25,"column":1}},"line":10}},"branchMap":{"0":{"loc":{"start":{"line":17,"column":11},"end":{"line":17,"column":115}},"type":"cond-expr","locations":[{"start":{"line":17,"column":29},"end":{"line":17,"column":55}},{"start":{"line":17,"column":58},"end":{"line":17,"column":115}}],"line":17}},"s":{"0":2,"1":2,"2":2},"f":{"0":2},"b":{"0":[0,2]},"_coverageSchema":"43e27e138ebf9cfc5966b082cf9a028302ed4184","hash":"2f5d6a324b5a342af88827c509285e2d5effbf4d"}
,"/Users/jiyoon-song/visualize-spotify/client/src/components/Login.js": {"path":"/Users/jiyoon-song/visualize-spotify/client/src/components/Login.js","statementMap":{"0":{"start":{"line":18,"column":24},"end":{"line":30,"column":3}},"1":{"start":{"line":19,"column":21},"end":{"line":19,"column":23}},"2":{"start":{"line":20,"column":12},"end":{"line":20,"column":34}},"3":{"start":{"line":21,"column":10},"end":{"line":21,"column":43}},"4":{"start":{"line":22,"column":4},"end":{"line":28,"column":5}},"5":{"start":{"line":23,"column":16},"end":{"line":23,"column":25}},"6":{"start":{"line":24,"column":6},"end":{"line":26,"column":7}},"7":{"start":{"line":25,"column":8},"end":{"line":25,"column":13}},"8":{"start":{"line":27,"column":6},"end":{"line":27,"column":50}},"9":{"start":{"line":29,"column":4},"end":{"line":29,"column":22}},"10":{"start":{"line":32,"column":17},"end":{"line":32,"column":32}},"11":{"start":{"line":33,"column":2},"end":{"line":38,"column":34}},"12":{"start":{"line":34,"column":4},"end":{"line":37,"column":5}},"13":{"start":{"line":35,"column":6},"end":{"line":35,"column":61}},"14":{"start":{"line":36,"column":6},"end":{"line":36,"column":25}},"15":{"start":{"line":39,"column":2},"end":{"line":54,"column":3}}},"fnMap":{"0":{"name":"Login","decl":{"start":{"line":11,"column":9},"end":{"line":11,"column":14}},"loc":{"start":{"line":11,"column":23},"end":{"line":55,"column":1}},"line":11},"1":{"name":"(anonymous_1)","decl":{"start":{"line":18,"column":24},"end":{"line":18,"column":25}},"loc":{"start":{"line":18,"column":30},"end":{"line":30,"column":3}},"line":18},"2":{"name":"(anonymous_2)","decl":{"start":{"line":33,"column":12},"end":{"line":33,"column":13}},"loc":{"start":{"line":33,"column":18},"end":{"line":38,"column":3}},"line":33}},"branchMap":{"0":{"loc":{"start":{"line":24,"column":6},"end":{"line":26,"column":7}},"type":"if","locations":[{"start":{"line":24,"column":6},"end":{"line":26,"column":7}},{"start":{"line":24,"column":6},"end":{"line":26,"column":7}}],"line":24},"1":{"loc":{"start":{"line":34,"column":4},"end":{"line":37,"column":5}},"type":"if","locations":[{"start":{"line":34,"column":4},"end":{"line":37,"column":5}},{"start":{"line":34,"column":4},"end":{"line":37,"column":5}}],"line":34}},"s":{"0":2,"1":2,"2":2,"3":2,"4":2,"5":2,"6":2,"7":2,"8":0,"9":2,"10":2,"11":2,"12":2,"13":0,"14":0,"15":2},"f":{"0":2,"1":2,"2":2},"b":{"0":[2,0],"1":[0,2]},"_coverageSchema":"43e27e138ebf9cfc5966b082cf9a028302ed4184","hash":"1f3dee5c363aa109523dd2c5e22d22d253ccdc81"}
,"/Users/jiyoon-song/visualize-spotify/client/src/components/Playing.js": {"path":"/Users/jiyoon-song/visualize-spotify/client/src/components/Playing.js","statementMap":{"0":{"start":{"line":9,"column":38},"end":{"line":9,"column":78}},"1":{"start":{"line":15,"column":24},"end":{"line":20,"column":3}},"2":{"start":{"line":16,"column":4},"end":{"line":19,"column":6}},"3":{"start":{"line":18,"column":6},"end":{"line":18,"column":77}},"4":{"start":{"line":22,"column":2},"end":{"line":34,"column":3}}},"fnMap":{"0":{"name":"Playing","decl":{"start":{"line":8,"column":9},"end":{"line":8,"column":16}},"loc":{"start":{"line":8,"column":25},"end":{"line":35,"column":1}},"line":8},"1":{"name":"(anonymous_1)","decl":{"start":{"line":15,"column":24},"end":{"line":15,"column":25}},"loc":{"start":{"line":15,"column":30},"end":{"line":20,"column":3}},"line":15},"2":{"name":"(anonymous_2)","decl":{"start":{"line":17,"column":10},"end":{"line":17,"column":11}},"loc":{"start":{"line":17,"column":19},"end":{"line":19,"column":5}},"line":17}},"branchMap":{},"s":{"0":1,"1":1,"2":0,"3":0,"4":1},"f":{"0":1,"1":0,"2":0},"b":{},"_coverageSchema":"43e27e138ebf9cfc5966b082cf9a028302ed4184","hash":"d1832d4912271b1cf1efdf456a4b75798fe90a47"}
,"/Users/jiyoon-song/visualize-spotify/client/src/components/index.js": {"path":"/Users/jiyoon-song/visualize-spotify/client/src/components/index.js","statementMap":{},"fnMap":{},"branchMap":{},"s":{},"f":{},"b":{},"_coverageSchema":"43e27e138ebf9cfc5966b082cf9a028302ed4184","hash":"02a2c24fd9ce82b49b83852110980c2d832827dc"}
,"/Users/jiyoon-song/visualize-spotify/client/src/config/particlesConfig.js": {"path":"/Users/jiyoon-song/visualize-spotify/client/src/config/particlesConfig.js","statementMap":{"0":{"start":{"line":1,"column":24},"end":{"line":110,"column":1}}},"fnMap":{},"branchMap":{},"s":{"0":1},"f":{},"b":{},"_coverageSchema":"43e27e138ebf9cfc5966b082cf9a028302ed4184","hash":"49e605d358becdbdbfd1c25cc7af6b7e4277de84"}
}
