TN:
SF:/Users/jiyoon-song/visualize-spotify/client/src/App.js
FN:7,App
FNF:1
FNH:1
FNDA:2,App
DA:8,2
DA:9,2
DA:10,2
LF:3
LH:3
BRDA:14,0,0,0
BRDA:14,0,1,2
BRF:2
BRH:1
end_of_record
TN:
SF:/Users/jiyoon-song/visualize-spotify/client/src/index.js
FNF:0
FNH:0
DA:7,0
DA:17,0
LF:2
LH:0
BRF:0
BRH:0
end_of_record
TN:
SF:/Users/jiyoon-song/visualize-spotify/client/src/components/Login.js
FN:4,Login
FN:5,(anonymous_1)
FN:19,(anonymous_2)
FNF:3
FNH:3
FNDA:2,Login
FNDA:2,(anonymous_1)
FNDA:2,(anonymous_2)
DA:5,2
DA:6,2
DA:7,2
DA:8,2
DA:9,2
DA:10,2
DA:11,2
DA:12,2
DA:14,0
DA:16,2
DA:18,2
DA:19,2
DA:20,2
DA:21,0
DA:22,0
DA:25,2
LF:16
LH:13
BRDA:11,0,0,2
BRDA:11,0,1,0
BRDA:20,1,0,0
BRDA:20,1,1,2
BRF:4
BRH:2
end_of_record
TN:
SF:/Users/jiyoon-song/visualize-spotify/client/src/components/Playing.js
FN:4,Playing
FN:6,(anonymous_1)
FN:8,(anonymous_2)
FNF:3
FNH:1
FNDA:1,Playing
FNDA:0,(anonymous_1)
FNDA:0,(anonymous_2)
DA:5,1
DA:6,1
DA:7,0
DA:9,0
DA:12,1
LF:5
LH:3
BRF:0
BRH:0
end_of_record
TN:
SF:/Users/jiyoon-song/visualize-spotify/client/src/components/index.js
FNF:0
FNH:0
LF:0
LH:0
BRF:0
BRH:0
end_of_record
