TN:
SF:/Users/jiyoon-song/visualize-spotify/client/src/App.js
FN:10,App
FNF:1
FNH:1
FNDA:2,App
DA:11,2
DA:12,2
DA:13,2
LF:3
LH:3
BRDA:17,0,0,0
BRDA:17,0,1,2
BRF:2
BRH:1
end_of_record
TN:
SF:/Users/jiyoon-song/visualize-spotify/client/src/components/Login.js
FN:11,Login
FN:18,(anonymous_1)
FN:33,(anonymous_2)
FNF:3
FNH:3
FNDA:2,Login
FNDA:2,(anonymous_1)
FNDA:2,(anonymous_2)
DA:18,2
DA:19,2
DA:20,2
DA:21,2
DA:22,2
DA:23,2
DA:24,2
DA:25,2
DA:27,0
DA:29,2
DA:32,2
DA:33,2
DA:34,2
DA:35,0
DA:36,0
DA:39,2
LF:16
LH:13
BRDA:24,0,0,2
BRDA:24,0,1,0
BRDA:34,1,0,0
BRDA:34,1,1,2
BRF:4
BRH:2
end_of_record
TN:
SF:/Users/jiyoon-song/visualize-spotify/client/src/components/Playing.js
FN:8,Playing
FN:15,(anonymous_1)
FN:17,(anonymous_2)
FNF:3
FNH:1
FNDA:1,Playing
FNDA:0,(anonymous_1)
FNDA:0,(anonymous_2)
DA:9,1
DA:15,1
DA:16,0
DA:18,0
DA:22,1
LF:5
LH:3
BRF:0
BRH:0
end_of_record
TN:
SF:/Users/jiyoon-song/visualize-spotify/client/src/components/index.js
FNF:0
FNH:0
LF:0
LH:0
BRF:0
BRH:0
end_of_record
TN:
SF:/Users/jiyoon-song/visualize-spotify/client/src/config/particlesConfig.js
FNF:0
FNH:0
DA:1,1
LF:1
LH:1
BRF:0
BRH:0
end_of_record
